[08-04-2020 23:46:52] PayPal\Core\PayPalHttpConnection : INFO: POST https://api.sandbox.paypal.com/v1/oauth2/token
[08-04-2020 23:46:58] PayPal\Core\PayPalHttpConnection : DEBUG: Request Headers 	: POST /v1/oauth2/token HTTP/1.1, Host: api.sandbox.paypal.com, User-Agent: PayPalSDK/PayPal-PHP-SDK 1.14.0 (platform-ver=7.4.1; bit=64; os=Windows_NT_6.1; machine=AMD64; crypto-lib-ver=1.1.1d; curl=7.67.0), Authorization: Basic QVVyYk1WTGlrV2k5Z195ekM5RTVURE9FVWwtc0VpaTU3LS03WVhObThhaFFKdHhxVXA4bDZmZ0hvc1BUSE9wUm81VW1uSUZJV3BzRXR1Xzc6RUdEWU1mbFFKZlZ2dDFIcU4zT0FXSURyMFpfeDFSMXBITW9la3AtYmkxeHQtYkN3NEpBcl9MTFVwZVh6aC1xWFBoSHNlX1JKVHc4cVRoMXc=, Accept: */*, Content-Length: 46, Content-Type: application/x-www-form-urlencoded, , 
[08-04-2020 23:46:58] PayPal\Core\PayPalHttpConnection : DEBUG: Request Data		: grant_type=client_credentials&target_subject=1
--------------------------------------------------------------------------------------------------------------------------------

[08-04-2020 23:46:58] PayPal\Core\PayPalHttpConnection : INFO: Response Status 	: 401
[08-04-2020 23:46:58] PayPal\Core\PayPalHttpConnection : DEBUG: Response Headers	: Cache-Control: max-age=0, no-cache, no-store, must-revalidate, Content-Length: 79, Content-Type: application/json, Date: Wed, 08 Apr 2020 23:48:06 GMT, Paypal-Debug-Id: 428d1005902e8, X-Paypal-Token-Service: IAAS, 
[08-04-2020 23:46:58] PayPal\Core\PayPalHttpConnection : ERROR: Got Http response code 401 when accessing https://api.sandbox.paypal.com/v1/oauth2/token. {"error":"invalid_subject","error_description":"Subject Authentication failed"}
[08-04-2020 23:46:58] PayPal\Core\PayPalHttpConnection : DEBUG: 

================================================================================================================================

[08-04-2020 23:47:09] PayPal\Core\PayPalHttpConnection : INFO: POST https://api.sandbox.paypal.com/v1/oauth2/token
[08-04-2020 23:47:10] PayPal\Core\PayPalHttpConnection : DEBUG: Request Headers 	: POST /v1/oauth2/token HTTP/1.1, Host: api.sandbox.paypal.com, User-Agent: PayPalSDK/PayPal-PHP-SDK 1.14.0 (platform-ver=7.4.1; bit=64; os=Windows_NT_6.1; machine=AMD64; crypto-lib-ver=1.1.1d; curl=7.67.0), Authorization: Basic QVVyYk1WTGlrV2k5Z195ekM5RTVURE9FVWwtc0VpaTU3LS03WVhObThhaFFKdHhxVXA4bDZmZ0hvc1BUSE9wUm81VW1uSUZJV3BzRXR1Xzc6RUdEWU1mbFFKZlZ2dDFIcU4zT0FXSURyMFpfeDFSMXBITW9la3AtYmkxeHQtYkN3NEpBcl9MTFVwZVh6aC1xWFBoSHNlX1JKVHc4cVRoMXc=, Accept: */*, Content-Length: 46, Content-Type: application/x-www-form-urlencoded, , 
[08-04-2020 23:47:10] PayPal\Core\PayPalHttpConnection : DEBUG: Request Data		: grant_type=client_credentials&target_subject=1
--------------------------------------------------------------------------------------------------------------------------------

[08-04-2020 23:47:10] PayPal\Core\PayPalHttpConnection : INFO: Response Status 	: 401
[08-04-2020 23:47:10] PayPal\Core\PayPalHttpConnection : DEBUG: Response Headers	: Cache-Control: max-age=0, no-cache, no-store, must-revalidate, Content-Length: 79, Content-Type: application/json, Date: Wed, 08 Apr 2020 23:48:18 GMT, Paypal-Debug-Id: 781fedc9ea056, X-Paypal-Token-Service: IAAS, 
[08-04-2020 23:47:10] PayPal\Core\PayPalHttpConnection : ERROR: Got Http response code 401 when accessing https://api.sandbox.paypal.com/v1/oauth2/token. {"error":"invalid_subject","error_description":"Subject Authentication failed"}
[08-04-2020 23:47:10] PayPal\Core\PayPalHttpConnection : DEBUG: 

================================================================================================================================

[08-04-2020 23:47:34] PayPal\Core\PayPalHttpConnection : INFO: POST https://api.sandbox.paypal.com/v1/oauth2/token
[08-04-2020 23:47:39] PayPal\Core\PayPalHttpConnection : DEBUG: Request Headers 	: POST /v1/oauth2/token HTTP/1.1, Host: api.sandbox.paypal.com, User-Agent: PayPalSDK/PayPal-PHP-SDK 1.14.0 (platform-ver=7.4.1; bit=64; os=Windows_NT_6.1; machine=AMD64; crypto-lib-ver=1.1.1d; curl=7.67.0), Authorization: Basic QVVyYk1WTGlrV2k5Z195ekM5RTVURE9FVWwtc0VpaTU3LS03WVhObThhaFFKdHhxVXA4bDZmZ0hvc1BUSE9wUm81VW1uSUZJV3BzRXR1Xzc6RUdEWU1mbFFKZlZ2dDFIcU4zT0FXSURyMFpfeDFSMXBITW9la3AtYmkxeHQtYkN3NEpBcl9MTFVwZVh6aC1xWFBoSHNlX1JKVHc4cVRoMXc=, Accept: */*, Content-Length: 46, Content-Type: application/x-www-form-urlencoded, , 
[08-04-2020 23:47:39] PayPal\Core\PayPalHttpConnection : DEBUG: Request Data		: grant_type=client_credentials&target_subject=1
--------------------------------------------------------------------------------------------------------------------------------

[08-04-2020 23:47:39] PayPal\Core\PayPalHttpConnection : INFO: Response Status 	: 401
[08-04-2020 23:47:39] PayPal\Core\PayPalHttpConnection : DEBUG: Response Headers	: Cache-Control: max-age=0, no-cache, no-store, must-revalidate, Content-Length: 79, Content-Type: application/json, Date: Wed, 08 Apr 2020 23:48:47 GMT, Paypal-Debug-Id: 4cf8fd11d156b, X-Paypal-Token-Service: IAAS, 
[08-04-2020 23:47:39] PayPal\Core\PayPalHttpConnection : ERROR: Got Http response code 401 when accessing https://api.sandbox.paypal.com/v1/oauth2/token. {"error":"invalid_subject","error_description":"Subject Authentication failed"}
[08-04-2020 23:47:39] PayPal\Core\PayPalHttpConnection : DEBUG: 

================================================================================================================================

[08-04-2020 23:47:44] PayPal\Core\PayPalHttpConnection : INFO: POST https://api.sandbox.paypal.com/v1/oauth2/token
[08-04-2020 23:47:49] PayPal\Core\PayPalHttpConnection : DEBUG: Request Headers 	: POST /v1/oauth2/token HTTP/1.1, Host: api.sandbox.paypal.com, User-Agent: PayPalSDK/PayPal-PHP-SDK 1.14.0 (platform-ver=7.4.1; bit=64; os=Windows_NT_6.1; machine=AMD64; crypto-lib-ver=1.1.1d; curl=7.67.0), Authorization: Basic QVVyYk1WTGlrV2k5Z195ekM5RTVURE9FVWwtc0VpaTU3LS03WVhObThhaFFKdHhxVXA4bDZmZ0hvc1BUSE9wUm81VW1uSUZJV3BzRXR1Xzc6RUdEWU1mbFFKZlZ2dDFIcU4zT0FXSURyMFpfeDFSMXBITW9la3AtYmkxeHQtYkN3NEpBcl9MTFVwZVh6aC1xWFBoSHNlX1JKVHc4cVRoMXc=, Accept: */*, Content-Length: 46, Content-Type: application/x-www-form-urlencoded, , 
[08-04-2020 23:47:49] PayPal\Core\PayPalHttpConnection : DEBUG: Request Data		: grant_type=client_credentials&target_subject=1
--------------------------------------------------------------------------------------------------------------------------------

[08-04-2020 23:47:49] PayPal\Core\PayPalHttpConnection : INFO: Response Status 	: 401
[08-04-2020 23:47:49] PayPal\Core\PayPalHttpConnection : DEBUG: Response Headers	: Cache-Control: max-age=0, no-cache, no-store, must-revalidate, Content-Length: 79, Content-Type: application/json, Date: Wed, 08 Apr 2020 23:48:57 GMT, Paypal-Debug-Id: 659c93743993f, X-Paypal-Token-Service: IAAS, 
[08-04-2020 23:47:49] PayPal\Core\PayPalHttpConnection : ERROR: Got Http response code 401 when accessing https://api.sandbox.paypal.com/v1/oauth2/token. {"error":"invalid_subject","error_description":"Subject Authentication failed"}
[08-04-2020 23:47:49] PayPal\Core\PayPalHttpConnection : DEBUG: 

================================================================================================================================

[09-04-2020 05:24:13] PayPal\Core\PayPalHttpConnection : INFO: POST https://api.sandbox.paypal.com/v1/oauth2/token
[09-04-2020 05:24:15] PayPal\Core\PayPalHttpConnection : DEBUG: Request Headers 	: POST /v1/oauth2/token HTTP/1.1, Host: api.sandbox.paypal.com, User-Agent: PayPalSDK/PayPal-PHP-SDK 1.14.0 (platform-ver=7.4.1; bit=64; os=Windows_NT_6.1; machine=AMD64; crypto-lib-ver=1.1.1d; curl=7.67.0), Authorization: Basic QVVyYk1WTGlrV2k5Z195ekM5RTVURE9FVWwtc0VpaTU3LS03WVhObThhaFFKdHhxVXA4bDZmZ0hvc1BUSE9wUm81VW1uSUZJV3BzRXR1Xzc6RUdEWU1mbFFKZlZ2dDFIcU4zT0FXSURyMFpfeDFSMXBITW9la3AtYmkxeHQtYkN3NEpBcl9MTFVwZVh6aC1xWFBoSHNlX1JKVHc4cVRoMXc=, Accept: */*, Content-Length: 46, Content-Type: application/x-www-form-urlencoded, , 
[09-04-2020 05:24:15] PayPal\Core\PayPalHttpConnection : DEBUG: Request Data		: grant_type=client_credentials&target_subject=1
--------------------------------------------------------------------------------------------------------------------------------

[09-04-2020 05:24:15] PayPal\Core\PayPalHttpConnection : INFO: Response Status 	: 401
[09-04-2020 05:24:15] PayPal\Core\PayPalHttpConnection : DEBUG: Response Headers	: Cache-Control: max-age=0, no-cache, no-store, must-revalidate, Content-Length: 79, Content-Type: application/json, Date: Thu, 09 Apr 2020 05:24:39 GMT, Paypal-Debug-Id: 10d32e37c4622, X-Paypal-Token-Service: IAAS, 
[09-04-2020 05:24:15] PayPal\Core\PayPalHttpConnection : ERROR: Got Http response code 401 when accessing https://api.sandbox.paypal.com/v1/oauth2/token. {"error":"invalid_subject","error_description":"Subject Authentication failed"}
[09-04-2020 05:24:15] PayPal\Core\PayPalHttpConnection : DEBUG: 

================================================================================================================================

